<?xml version="1.0" encoding="UTF-8"?>
<!-- Generated by org.testng.reporters.JUnitReportReporter -->
<testsuite hostname="cexs-MacBook-Pro.local" failures="0" tests="3" name="com.qa.tests.LoginTests" time="13.095" errors="0" timestamp="2023-10-20T16:04:42 WEST" skipped="0">
  <testcase classname="com.qa.tests.LoginTests" name="invalidUserName" time="3.534"/>
  <testcase classname="com.qa.tests.LoginTests" name="invalidPassword" time="5.225"/>
  <testcase classname="com.qa.tests.LoginTests" name="successfulLogin" time="4.336"/>
</testsuite> <!-- com.qa.tests.LoginTests -->
