<?xml version="1.0" encoding="UTF-8"?>
<!-- Generated by org.testng.reporters.JUnitReportReporter -->
<testsuite hostname="cexs-MacBook-Pro.local" failures="0" tests="3" name="com.qa.tests.LoginTests" time="15.246" errors="0" timestamp="2023-10-20T14:17:53 WEST" skipped="0">
  <testcase classname="com.qa.tests.LoginTests" name="successfulLogin" time="5.408"/>
  <testcase classname="com.qa.tests.LoginTests" name="invalidUserName" time="4.623"/>
  <testcase classname="com.qa.tests.LoginTests" name="invalidPassword" time="5.215"/>
</testsuite> <!-- com.qa.tests.LoginTests -->
